<?xml version="1.0" encoding="UTF-8"?>
<robot generator="Robot 6.1.1 (Python 3.11.5 on win32)" generated="20230921 21:36:34.691" rpa="false" schemaversion="4">
<suite id="s1" name="Test01" source="c:\Users\elidr\Desktop\Ma session 3\Techniques d'automatisation des tests 1\Laboratoire\Séance 3\TestCases\Test01.robot">
<test id="s1-t1" name="Tc001 login test" line="6">
<kw name="Se connecter a l'application orange demo" library="resource01">
<kw name="Open Browser" library="SeleniumLibrary">
<arg>${url}</arg>
<arg>${Browser}</arg>
<doc>Opens a new browser instance to the optional ``url``.</doc>
<msg timestamp="20230921 21:36:34.862" level="INFO">Opening browser 'edge' to base url 'https://opensource-demo.orangehrmlive.com/web/index.php/auth/login'.</msg>
<status status="PASS" starttime="20230921 21:36:34.862" endtime="20230921 21:36:37.687"/>
</kw>
<kw name="Maximize Browser Window" library="SeleniumLibrary">
<doc>Maximizes current browser window.</doc>
<status status="PASS" starttime="20230921 21:36:37.687" endtime="20230921 21:36:37.799"/>
</kw>
<kw name="Sleep" library="BuiltIn">
<arg>3</arg>
<doc>Pauses the test executed for the given time.</doc>
<msg timestamp="20230921 21:36:40.799" level="INFO">Slept 3 seconds</msg>
<status status="PASS" starttime="20230921 21:36:37.799" endtime="20230921 21:36:40.800"/>
</kw>
<status status="PASS" starttime="20230921 21:36:34.860" endtime="20230921 21:36:40.800"/>
</kw>
<kw name="saisir le nom d'utilisateur" library="resource01">
<kw name="Clear Element Text" library="SeleniumLibrary">
<arg>name:username</arg>
<doc>Clears the value of the text-input-element identified by ``locator``.</doc>
<status status="PASS" starttime="20230921 21:36:40.803" endtime="20230921 21:36:40.855"/>
</kw>
<kw name="Input Text" library="SeleniumLibrary">
<arg>name:username</arg>
<arg>Admin</arg>
<doc>Types the given ``text`` into the text field identified by ``locator``.</doc>
<msg timestamp="20230921 21:36:40.856" level="INFO">Typing text 'Admin' into text field 'name:username'.</msg>
<status status="PASS" starttime="20230921 21:36:40.855" endtime="20230921 21:36:40.914"/>
</kw>
<status status="PASS" starttime="20230921 21:36:40.801" endtime="20230921 21:36:40.914"/>
</kw>
<kw name="Saisir le mot de passe" library="resource01">
<kw name="Clear Element Text" library="SeleniumLibrary">
<arg>name:username</arg>
<doc>Clears the value of the text-input-element identified by ``locator``.</doc>
<status status="PASS" starttime="20230921 21:36:40.914" endtime="20230921 21:36:40.952"/>
</kw>
<kw name="Input Password" library="SeleniumLibrary">
<arg>name:password</arg>
<arg>admin123</arg>
<doc>Types the given password into the text field identified by ``locator``.</doc>
<msg timestamp="20230921 21:36:40.952" level="INFO">Typing password into text field 'name:password'.</msg>
<msg timestamp="20230921 21:36:40.991" level="INFO">Temporally setting log level to: NONE</msg>
<msg timestamp="20230921 21:36:41.042" level="INFO">Log level changed from NONE to INFO.</msg>
<status status="PASS" starttime="20230921 21:36:40.952" endtime="20230921 21:36:41.042"/>
</kw>
<status status="PASS" starttime="20230921 21:36:40.914" endtime="20230921 21:36:41.042"/>
</kw>
<kw name="Cliquer sur le boutton login" library="resource01">
<kw name="Click Button" library="SeleniumLibrary">
<arg>xpath://button</arg>
<doc>Clicks the button identified by ``locator``.</doc>
<msg timestamp="20230921 21:36:41.043" level="INFO">Clicking button 'xpath://button'.</msg>
<status status="PASS" starttime="20230921 21:36:41.043" endtime="20230921 21:36:41.999"/>
</kw>
<kw name="Sleep" library="BuiltIn">
<arg>3</arg>
<doc>Pauses the test executed for the given time.</doc>
<msg timestamp="20230921 21:36:45.001" level="INFO">Slept 3 seconds</msg>
<status status="PASS" starttime="20230921 21:36:41.999" endtime="20230921 21:36:45.001"/>
</kw>
<status status="PASS" starttime="20230921 21:36:41.042" endtime="20230921 21:36:45.001"/>
</kw>
<kw name="valider l'affichage de la page d'acceuil" library="resource01">
<kw name="Element Text Should Be" library="SeleniumLibrary">
<arg>xpath://h6</arg>
<arg>Dashboard</arg>
<doc>Verifies that element ``locator`` contains exact the text ``expected``.</doc>
<msg timestamp="20230921 21:36:45.002" level="INFO">Verifying element 'xpath://h6' contains exact text 'Dashboard'.</msg>
<status status="PASS" starttime="20230921 21:36:45.002" endtime="20230921 21:36:45.022"/>
</kw>
<status status="PASS" starttime="20230921 21:36:45.002" endtime="20230921 21:36:45.022"/>
</kw>
<kw name="Fermer l'application" library="resource01">
<kw name="Close Browser" library="SeleniumLibrary">
<doc>Closes the current browser.</doc>
<status status="PASS" starttime="20230921 21:36:45.023" endtime="20230921 21:36:47.268"/>
</kw>
<status status="PASS" starttime="20230921 21:36:45.023" endtime="20230921 21:36:47.268"/>
</kw>
<status status="PASS" starttime="20230921 21:36:34.859" endtime="20230921 21:36:47.269"/>
</test>
<status status="PASS" starttime="20230921 21:36:34.695" endtime="20230921 21:36:47.271"/>
</suite>
<statistics>
<total>
<stat pass="1" fail="0" skip="0">All Tests</stat>
</total>
<tag>
</tag>
<suite>
<stat pass="1" fail="0" skip="0" id="s1" name="Test01">Test01</stat>
</suite>
</statistics>
<errors>
</errors>
</robot>
